<?xml version="1.0" encoding="utf-8"?><testsuites name="pytest tests"><testsuite name="pytest" errors="0" failures="0" skipped="0" tests="18" time="7.235" timestamp="2026-04-12T19:53:42.194221+00:00" hostname="agent-env-8c064a7c-75be-4370-9ad4-e9083230c787"><testcase classname="tests.test_iteration78_code_quality.TestAuthEndpoints" name="test_admin_unified_login" time="0.472" /><testcase classname="tests.test_iteration78_code_quality.TestAuthEndpoints" name="test_tenant_unified_login" time="0.337" /><testcase classname="tests.test_iteration78_code_quality.TestAuthEndpoints" name="test_invalid_login" time="0.136" /><testcase classname="tests.test_iteration78_code_quality.TestAuthEndpoints" name="test_weak_password_registration" time="0.129" /><testcase classname="tests.test_iteration78_code_quality.TestAuthMe" name="test_auth_me_admin" time="0.429" /><testcase classname="tests.test_iteration78_code_quality.TestAuthMe" name="test_auth_me_tenant" time="0.524" /><testcase classname="tests.test_iteration78_code_quality.TestAuthMe" name="test_auth_me_no_token" time="0.102" /><testcase classname="tests.test_iteration78_code_quality.TestSaasEndpoints" name="test_saas_stats" time="0.487" /><testcase classname="tests.test_iteration78_code_quality.TestSaasEndpoints" name="test_saas_tenants" time="0.501" /><testcase classname="tests.test_iteration78_code_quality.TestSaasEndpoints" name="test_saas_plans" time="0.476" /><testcase classname="tests.test_iteration78_code_quality.TestTenantEndpoints" name="test_products_list" time="0.439" /><testcase classname="tests.test_iteration78_code_quality.TestTenantEndpoints" name="test_customers_list" time="0.443" /><testcase classname="tests.test_iteration78_code_quality.TestAdminOnlyEndpoints" name="test_cache_stats_admin" time="0.426" /><testcase classname="tests.test_iteration78_code_quality.TestAdminOnlyEndpoints" name="test_robots_status_admin" time="0.441" /><testcase classname="tests.test_iteration78_code_quality.TestAdminOnlyEndpoints" name="test_cache_stats_tenant_forbidden" time="0.440" /><testcase classname="tests.test_iteration78_code_quality.TestAdminOnlyEndpoints" name="test_robots_status_tenant_forbidden" time="0.449" /><testcase classname="tests.test_iteration78_code_quality.TestNoIdLeaks" name="test_products_no_id_leak" time="0.441" /><testcase classname="tests.test_iteration78_code_quality.TestNoIdLeaks" name="test_customers_no_id_leak" time="0.493" /></testsuite></testsuites>